24-November-2025 07:50:42 - User: AnonymousUser - Path: / 
24-November-2025 07:50:47 - User: AnonymousUser - Path: /api/v1/conversation/ 
24-November-2025 07:50:54 - User: AnonymousUser - Path: /api/v1/token/obtain/ 
24-November-2025 07:51:08 - User: AnonymousUser - Path: /api/v1/register/ 
24-November-2025 07:51:10 - User: AnonymousUser - Path: /api/v1/register/ 
24-November-2025 08:08:32 - User: AnonymousUser - Path: /api/v1/register/ 
24-November-2025 08:08:51 - User: AnonymousUser - Path: /api/v1/token/obtain/ 
24-November-2025 08:09:18 - User: AnonymousUser - Path: /api/v1/token/obtain/ 
24-November-2025 08:09:23 - User: AnonymousUser - Path: /api/v1/token/obtain/ 
24-November-2025 08:11:32 - User: AnonymousUser - Path: /api/v1/token/obtain/ 
24-November-2025 08:11:36 - User: AnonymousUser - Path: /api/v1/token/obtain/ 
24-November-2025 08:12:27 - User: AnonymousUser - Path: /api/v1/token/obtain/ 
24-November-2025 08:13:33 - User: AnonymousUser - Path: /api/v1/token/obtain/ 
24-November-2025 08:23:23 - User: AnonymousUser - Path: /api/v1/token/obtain/ 
24-November-2025 08:24:30 - User: AnonymousUser - Path: /api/v1/token/obtain/ 
24-November-2025 08:24:59 - User: AnonymousUser - Path: /api/v1/token/obtain/ 
24-November-2025 08:25:01 - User: AnonymousUser - Path: /api/v1/token/obtain/ 
24-November-2025 08:25:48 - User: AnonymousUser - Path: /api/v1/token/obtain/ 
24-November-2025 08:26:45 - User: AnonymousUser - Path: /api/v1/token/obtain/ 
24-November-2025 08:28:01 - User: AnonymousUser - Path: /api/v1/token/obtain/ 
24-November-2025 08:28:41 - User: AnonymousUser - Path: /api/v1/token/obtain/ 
24-November-2025 08:30:30 - User: AnonymousUser - Path: /api/v1/token/obtain/ 
24-November-2025 08:30:47 - User: AnonymousUser - Path: /api/v1/token/obtain/ 
24-November-2025 08:33:51 - User: AnonymousUser - Path: /api/v1/token/obtain/ 
24-November-2025 08:34:08 - User: AnonymousUser - Path: /api/v1/token/obtain/ 
24-November-2025 08:35:51 - User: AnonymousUser - Path: /api/v1/messages/ 
24-November-2025 08:36:11 - User: AnonymousUser - Path: /api/v1/conversation/ 
24-November-2025 08:36:11 - User: AnonymousUser - Path: /api/v1/conversations/ 
24-November-2025 08:36:12 - User: AnonymousUser - Path: /api/v1/conversations/ 
24-November-2025 08:36:48 - User: AnonymousUser - Path: /api/v1/conversations/ 
24-November-2025 08:36:53 - User: AnonymousUser - Path: /api/v1/conversations/ 
24-November-2025 08:37:17 - User: AnonymousUser - Path: /api/v1/conversations/ 
24-November-2025 08:37:33 - User: AnonymousUser - Path: /api/v1/messages/ 
24-November-2025 08:37:40 - User: AnonymousUser - Path: /api/v1/conversation/ 
24-November-2025 08:37:40 - User: AnonymousUser - Path: /api/v1/conversations/ 
24-November-2025 08:37:54 - User: AnonymousUser - Path: /docs/ 
24-November-2025 08:37:56 - User: AnonymousUser - Path: /docs/ 
24-November-2025 08:37:58 - User: AnonymousUser - Path: /__debug__/history_sidebar/ 
24-November-2025 08:38:09 - User: AnonymousUser - Path: /api/v1/conversations/messages 
24-November-2025 08:38:09 - User: AnonymousUser - Path: /api/v1/conversations/messages/ 
24-November-2025 08:46:03 - User: AnonymousUser - Path: /api/v1/conversations/messages/ 
24-November-2025 10:07:30 - User: AnonymousUser - Path: /api/v1/conversations/messages/ 
24-November-2025 10:07:51 - User: AnonymousUser - Path: /api/v1/conversations/messages/ 
24-November-2025 10:08:08 - User: AnonymousUser - Path: /api/v1/conversations/ 
24-November-2025 10:08:08 - User: AnonymousUser - Path: /api/v1/conversations/ 
24-November-2025 10:08:18 - User: AnonymousUser - Path: /api/v1/conversations/ 
24-November-2025 10:08:38 - User: AnonymousUser - Path: /api/v1/conversations/ 
24-November-2025 10:08:53 - User: AnonymousUser - Path: /api/v1/conversations/ 
24-November-2025 10:10:47 - User: AnonymousUser - Path: /api/v1/conversations/ 
24-November-2025 10:11:01 - User: AnonymousUser - Path: /__debug__/render_panel/ 
24-November-2025 10:11:19 - User: AnonymousUser - Path: /api/v1/conversations/ 
24-November-2025 10:11:43 - User: AnonymousUser - Path: /api/v1/conversations/ 
24-November-2025 10:16:57 - User: AnonymousUser - Path: /api/v1/conversations/ 
24-November-2025 10:17:06 - User: AnonymousUser - Path: /api/v1/conversations/ 
24-November-2025 10:17:16 - User: AnonymousUser - Path: /api/v1/conversations/ 
24-November-2025 10:17:23 - User: AnonymousUser - Path: /api/v1/conversations/ 
24-November-2025 10:18:34 - User: AnonymousUser - Path: /api/v1/conversations/ 
24-November-2025 10:18:39 - User: AnonymousUser - Path: /__debug__/history_sidebar/ 
24-November-2025 10:18:46 - User: AnonymousUser - Path: /api/v1/conversations/ 
24-November-2025 10:18:58 - User: AnonymousUser - Path: /api/v1/conversations/13feb573-70eb-4e23-bf50-6ed13538fe83 
24-November-2025 10:18:58 - User: AnonymousUser - Path: /api/v1/conversations/13feb573-70eb-4e23-bf50-6ed13538fe83/ 
24-November-2025 10:19:05 - User: AnonymousUser - Path: /api/v1/conversations/13feb573-70eb-4e23-bf50-6ed13538fe83/ 
24-November-2025 10:19:07 - User: AnonymousUser - Path: /api/v1/conversations/13feb573-70eb-4e23-bf50-6ed13538fe83/ 
24-November-2025 10:19:08 - User: AnonymousUser - Path: /__debug__/history_sidebar/ 
24-November-2025 10:19:11 - User: AnonymousUser - Path: /__debug__/history_sidebar/ 
24-November-2025 10:19:13 - User: AnonymousUser - Path: /api/v1/conversations/13feb573-70eb-4e23-bf50-6ed13538fe83/ 
24-November-2025 10:19:21 - User: AnonymousUser - Path: /api/v1/conversations/13feb573-70eb-4e23-bf50-6ed13538fe83/ 
24-November-2025 10:19:29 - User: AnonymousUser - Path: /api/v1/conversations/ 
24-November-2025 10:19:30 - User: AnonymousUser - Path: /api/v1/conversations 
24-November-2025 10:19:33 - User: AnonymousUser - Path: /api/v1/conversations/ 
24-November-2025 10:19:49 - User: AnonymousUser - Path: /api/v1/conversations/70007e10-76e6-41fd-b480-bbafb51eb4ec 
24-November-2025 10:19:49 - User: AnonymousUser - Path: /api/v1/conversations/70007e10-76e6-41fd-b480-bbafb51eb4ec/ 
24-November-2025 10:19:57 - User: AnonymousUser - Path: /api/v1/conversations/70007e10-76e6-41fd-b480-bbafb51eb4ec/ 
24-November-2025 10:19:59 - User: AnonymousUser - Path: /api/v1/conversations/70007e10-76e6-41fd-b480-bbafb51eb4ec/ 
24-November-2025 10:20:00 - User: AnonymousUser - Path: /__debug__/history_sidebar/ 
24-November-2025 10:20:03 - User: AnonymousUser - Path: /__debug__/history_sidebar/ 
24-November-2025 10:22:01 - User: AnonymousUser - Path: /api/v1/conversations/70007e10-76e6-41fd-b480-bbafb51eb4ec/ 
24-November-2025 10:22:03 - User: AnonymousUser - Path: /api/v1/conversations/70007e10-76e6-41fd-b480-bbafb51eb4ec/ 
24-November-2025 10:22:03 - User: AnonymousUser - Path: /api/v1/conversations/70007e10-76e6-41fd-b480-bbafb51eb4ec/ 
24-November-2025 10:22:04 - User: AnonymousUser - Path: /api/v1/conversations/70007e10-76e6-41fd-b480-bbafb51eb4ec/ 
24-November-2025 10:22:04 - User: AnonymousUser - Path: /api/v1/conversations/70007e10-76e6-41fd-b480-bbafb51eb4ec/ 
24-November-2025 10:22:06 - User: AnonymousUser - Path: /api/v1/conversations/70007e10-76e6-41fd-b480-bbafb51eb4ec/ 
24-November-2025 10:22:08 - User: AnonymousUser - Path: /api/v1/conversations/70007e10-76e6-41fd-b480-bbafb51eb4ec/ 
24-November-2025 10:22:10 - User: AnonymousUser - Path: /api/v1/conversations/70007e10-76e6-41fd-b480-bbafb51eb4ec/ 
24-November-2025 10:22:10 - User: AnonymousUser - Path: /api/v1/conversations/70007e10-76e6-41fd-b480-bbafb51eb4ec/ 
24-November-2025 10:22:11 - User: AnonymousUser - Path: /__debug__/history_sidebar/ 
24-November-2025 10:22:11 - User: AnonymousUser - Path: /__debug__/history_sidebar/ 
24-November-2025 10:22:11 - User: AnonymousUser - Path: /api/v1/conversations/70007e10-76e6-41fd-b480-bbafb51eb4ec/ 
24-November-2025 10:22:12 - User: AnonymousUser - Path: /__debug__/history_sidebar/ 
24-November-2025 10:23:03 - User: AnonymousUser - Path: /api/v1/conversations/ 
24-November-2025 10:23:06 - User: AnonymousUser - Path: /api/v1/conversations/ 
24-November-2025 10:23:21 - User: AnonymousUser - Path: /api/v1/conversations/ 
24-November-2025 10:25:28 - User: AnonymousUser - Path: /api/v1/conversations/ 
24-November-2025 10:25:38 - User: AnonymousUser - Path: /api/v1/conversations/ 
24-November-2025 10:27:39 - User: AnonymousUser - Path: /api/v1/conversations/ 
24-November-2025 10:28:01 - User: AnonymousUser - Path: /api/v1/conversations/ 
24-November-2025 10:28:20 - User: AnonymousUser - Path: /api/v1/conversations/ 
24-November-2025 10:28:27 - User: AnonymousUser - Path: /api/v1/conversations/ 
24-November-2025 10:28:40 - User: AnonymousUser - Path: /api/v1/conversations/ 
24-November-2025 10:28:54 - User: AnonymousUser - Path: /api/v1/conversations/ 
24-November-2025 10:29:01 - User: AnonymousUser - Path: /api/v1/conversations/ 
24-November-2025 10:29:27 - User: AnonymousUser - Path: /api/v1/conversations/ 
24-November-2025 10:29:34 - User: AnonymousUser - Path: /api/v1/conversations/ 
24-November-2025 17:04:35 - User: AnonymousUser - Path: /apiv1/conversations 
24-November-2025 17:06:13 - User: AnonymousUser - Path: /apiv1/conversations/ 
24-November-2025 17:06:37 - User: AnonymousUser - Path: /api/v1/conversations/ 
24-November-2025 17:07:32 - User: AnonymousUser - Path: /api/v1/conversations/ 
24-November-2025 17:07:56 - User: AnonymousUser - Path: /api/v1/conversations/ 
24-November-2025 17:16:34 - User: AnonymousUser - Path: /api/v1/conversations/ 
24-November-2025 17:16:34 - User: AnonymousUser - Path: /api/v1/conversations/ 
24-November-2025 17:17:54 - User: AnonymousUser - Path: /api/v1/conversations/ 
24-November-2025 17:19:00 - User: AnonymousUser - Path: /api/v1/conversations/ 
24-November-2025 17:33:22 - User: AnonymousUser - Path: /api/v1/conversations/ 
24-November-2025 17:35:24 - User: AnonymousUser - Path: /api/v1/conversations/ 
24-November-2025 17:36:07 - User: AnonymousUser - Path: /api/v1/conversations/ 
24-November-2025 17:42:47 - User: movins806@gmail.com ==== HOST - Path: /api/v1/conversations/ 
24-November-2025 17:42:49 - User: movins806@gmail.com ==== HOST - Path: /api/v1/conversations/ 
24-November-2025 17:45:07 - User: movins806@gmail.com ==== HOST - Path: /api/v1/conversations/ 
24-November-2025 17:45:09 - User: movins806@gmail.com ==== HOST - Path: /api/v1/conversations/ 
24-November-2025 17:47:29 - User: movins806@gmail.com ==== HOST - Path: /api/v1/conversations/ 
24-November-2025 17:47:31 - User: movins806@gmail.com ==== HOST - Path: /api/v1/conversations/ 
24-November-2025 17:50:06 - User: movins806@gmail.com ==== HOST - Path: /api/v1/conversations/ 
24-November-2025 17:51:04 - User: movins806@gmail.com ==== HOST - Path: /api/v1/conversations/ 
24-November-2025 17:51:06 - User: movins806@gmail.com ==== HOST - Path: /api/v1/conversations/ 
24-November-2025 17:51:08 - User: movins806@gmail.com ==== HOST - Path: /api/v1/conversations/ 
24-November-2025 17:51:10 - User: movins806@gmail.com ==== HOST - Path: /api/v1/conversations/ 
24-November-2025 17:51:12 - User: movins806@gmail.com ==== HOST - Path: /api/v1/conversations/ 
24-November-2025 17:51:14 - User: movins806@gmail.com ==== HOST - Path: /api/v1/conversations/ 
24-November-2025 17:52:53 - User: movins806@gmail.com ==== HOST - Path: /api/v1/conversations/ 
24-November-2025 17:52:55 - User: movins806@gmail.com ==== HOST - Path: /api/v1/conversations/ 
24-November-2025 17:52:57 - User: movins806@gmail.com ==== HOST - Path: /api/v1/conversations/ 
24-November-2025 17:52:59 - User: movins806@gmail.com ==== HOST - Path: /api/v1/conversations/ 
24-November-2025 17:53:01 - User: movins806@gmail.com ==== HOST - Path: /api/v1/conversations/ 
24-November-2025 17:53:03 - User: movins806@gmail.com ==== HOST - Path: /api/v1/conversations/ 
24-November-2025 17:56:35 - User: movins806@gmail.com ==== HOST - Path: /api/v1/conversations/ 
24-November-2025 17:56:35 - User: movins806@gmail.com ==== HOST - Path: /api/v1/conversations/ 
24-November-2025 17:56:35 - User: movins806@gmail.com ==== HOST - Path: /api/v1/conversations/ 
24-November-2025 17:56:35 - User: movins806@gmail.com ==== HOST - Path: /api/v1/conversations/ 
24-November-2025 17:56:35 - User: movins806@gmail.com ==== HOST - Path: /api/v1/conversations/ 
24-November-2025 17:56:35 - User: movins806@gmail.com ==== HOST - Path: /api/v1/conversations/ 
24-November-2025 18:00:15 - User: movins806@gmail.com ==== HOST - Path: /api/v1/conversations/ 
24-November-2025 18:00:15 - User: movins806@gmail.com ==== HOST - Path: /api/v1/conversations/ 
24-November-2025 18:00:15 - User: movins806@gmail.com ==== HOST - Path: /api/v1/conversations/ 
24-November-2025 18:00:15 - User: movins806@gmail.com ==== HOST - Path: /api/v1/conversations/ 
24-November-2025 18:00:15 - User: movins806@gmail.com ==== HOST - Path: /api/v1/conversations/ 
24-November-2025 18:00:15 - User: movins806@gmail.com ==== HOST - Path: /api/v1/conversations/ 
24-November-2025 18:01:59 - User: movins806@gmail.com ==== HOST - Path: /api/v1/conversations/ 
24-November-2025 18:01:59 - User: movins806@gmail.com ==== HOST - Path: /api/v1/conversations/ 
24-November-2025 18:01:59 - User: movins806@gmail.com ==== HOST - Path: /api/v1/conversations/ 
24-November-2025 18:01:59 - User: movins806@gmail.com ==== HOST - Path: /api/v1/conversations/ 
24-November-2025 18:01:59 - User: movins806@gmail.com ==== HOST - Path: /api/v1/conversations/ 
24-November-2025 18:01:59 - User: movins806@gmail.com ==== HOST - Path: /api/v1/conversations/ 
24-November-2025 18:07:06 - User: movins806@gmail.com ==== HOST - Path: /api/v1/conversations/ 
24-November-2025 18:07:06 - User: movins806@gmail.com ==== HOST - Path: /api/v1/conversations/ 
24-November-2025 18:07:06 - User: movins806@gmail.com ==== HOST - Path: /api/v1/conversations/ 
24-November-2025 18:07:06 - User: movins806@gmail.com ==== HOST - Path: /api/v1/conversations/ 
24-November-2025 18:07:06 - User: movins806@gmail.com ==== HOST - Path: /api/v1/conversations/ 
24-November-2025 18:07:06 - User: movins806@gmail.com ==== HOST - Path: /api/v1/conversations/ 
24-November-2025 18:07:51 - User: movins806@gmail.com ==== HOST - Path: /api/v1/conversations/ 
24-November-2025 18:07:51 - User: movins806@gmail.com ==== HOST - Path: /api/v1/conversations/ 
24-November-2025 18:07:51 - User: movins806@gmail.com ==== HOST - Path: /api/v1/conversations/ 
24-November-2025 18:07:51 - User: movins806@gmail.com ==== HOST - Path: /api/v1/conversations/ 
24-November-2025 18:07:51 - User: movins806@gmail.com ==== HOST - Path: /api/v1/conversations/ 
24-November-2025 18:07:51 - User: movins806@gmail.com ==== HOST - Path: /api/v1/conversations/ 
24-November-2025 18:15:44 - User: movins806@gmail.com ==== HOST - Path: /api/v1/conversations/ 
24-November-2025 18:15:44 - User: movins806@gmail.com ==== HOST - Path: /api/v1/conversations/ 
24-November-2025 18:15:44 - User: movins806@gmail.com ==== HOST - Path: /api/v1/conversations/ 
24-November-2025 18:15:44 - User: movins806@gmail.com ==== HOST - Path: /api/v1/conversations/ 
24-November-2025 18:15:44 - User: movins806@gmail.com ==== HOST - Path: /api/v1/conversations/ 
24-November-2025 18:15:44 - User: movins806@gmail.com ==== HOST - Path: /api/v1/conversations/ 
24-November-2025 18:16:20 - User: movins806@gmail.com ==== HOST - Path: /api/v1/conversations/ 
24-November-2025 18:16:20 - User: movins806@gmail.com ==== HOST - Path: /api/v1/conversations/ 
24-November-2025 18:16:20 - User: movins806@gmail.com ==== HOST - Path: /api/v1/conversations/ 
24-November-2025 18:16:20 - User: movins806@gmail.com ==== HOST - Path: /api/v1/conversations/ 
24-November-2025 18:16:20 - User: movins806@gmail.com ==== HOST - Path: /api/v1/conversations/ 
24-November-2025 18:16:20 - User: movins806@gmail.com ==== HOST - Path: /api/v1/conversations/ 
24-November-2025 18:17:07 - User: movins806@gmail.com ==== HOST - Path: /api/v1/conversations/ 
24-November-2025 18:17:07 - User: movins806@gmail.com ==== HOST - Path: /api/v1/conversations/ 
24-November-2025 18:17:07 - User: movins806@gmail.com ==== HOST - Path: /api/v1/conversations/ 
24-November-2025 18:17:07 - User: movins806@gmail.com ==== HOST - Path: /api/v1/conversations/ 
24-November-2025 18:17:07 - User: movins806@gmail.com ==== HOST - Path: /api/v1/conversations/ 
24-November-2025 18:17:07 - User: movins806@gmail.com ==== HOST - Path: /api/v1/conversations/ 
24-November-2025 18:18:22 - User: movins806@gmail.com ==== HOST - Path: /api/v1/conversations/ 
24-November-2025 18:18:22 - User: movins806@gmail.com ==== HOST - Path: /api/v1/conversations/ 
24-November-2025 18:18:22 - User: movins806@gmail.com ==== HOST - Path: /api/v1/conversations/ 
24-November-2025 18:18:22 - User: movins806@gmail.com ==== HOST - Path: /api/v1/conversations/ 
24-November-2025 18:18:22 - User: movins806@gmail.com ==== HOST - Path: /api/v1/conversations/ 
24-November-2025 18:18:22 - User: movins806@gmail.com ==== HOST - Path: /api/v1/conversations/ 
24-November-2025 18:36:08 - User: movins806@gmail.com ==== HOST - Path: /api/v1/conversations/ 
24-November-2025 18:36:08 - User: movins806@gmail.com ==== HOST - Path: /api/v1/conversations/ 
24-November-2025 18:36:08 - User: movins806@gmail.com ==== HOST - Path: /api/v1/conversations/ 
24-November-2025 18:36:08 - User: movins806@gmail.com ==== HOST - Path: /api/v1/conversations/ 
24-November-2025 18:36:08 - User: movins806@gmail.com ==== HOST - Path: /api/v1/conversations/ 
24-November-2025 18:36:08 - User: movins806@gmail.com ==== HOST - Path: /api/v1/conversations/ 
24-November-2025 18:36:10 - User: AnonymousUser - Path: /api/v1/conversations/ 
24-November-2025 18:36:45 - User: movins806@gmail.com ==== HOST - Path: /api/v1/conversations/ 
24-November-2025 18:36:45 - User: movins806@gmail.com ==== HOST - Path: /api/v1/conversations/ 
24-November-2025 18:36:45 - User: movins806@gmail.com ==== HOST - Path: /api/v1/conversations/ 
24-November-2025 18:36:45 - User: movins806@gmail.com ==== HOST - Path: /api/v1/conversations/ 
24-November-2025 18:36:48 - User: movins806@gmail.com ==== HOST - Path: /api/v1/conversations/ 
24-November-2025 18:36:48 - User: movins806@gmail.com ==== HOST - Path: /api/v1/conversations/ 
24-November-2025 18:36:48 - User: movins806@gmail.com ==== HOST - Path: /api/v1/conversations/ 
24-November-2025 18:36:48 - User: movins806@gmail.com ==== HOST - Path: /api/v1/conversations/ 
24-November-2025 18:36:48 - User: movins806@gmail.com ==== HOST - Path: /api/v1/conversations/ 
24-November-2025 18:36:48 - User: movins806@gmail.com ==== HOST - Path: /api/v1/conversations/ 
24-November-2025 18:36:50 - User: AnonymousUser - Path: /api/v1/conversations/ 
24-November-2025 18:38:15 - User: movins806@gmail.com ==== HOST - Path: /api/v1/conversations/ 
24-November-2025 18:38:15 - User: movins806@gmail.com ==== HOST - Path: /api/v1/conversations/ 
24-November-2025 18:38:15 - User: movins806@gmail.com ==== HOST - Path: /api/v1/conversations/ 
24-November-2025 18:38:15 - User: movins806@gmail.com ==== HOST - Path: /api/v1/conversations/ 
24-November-2025 18:38:17 - User: movins806@gmail.com ==== HOST - Path: /api/v1/conversations/ 
24-November-2025 18:38:17 - User: movins806@gmail.com ==== HOST - Path: /api/v1/conversations/ 
24-November-2025 18:38:17 - User: movins806@gmail.com ==== HOST - Path: /api/v1/conversations/ 
24-November-2025 18:38:17 - User: movins806@gmail.com ==== HOST - Path: /api/v1/conversations/ 
24-November-2025 18:38:17 - User: movins806@gmail.com ==== HOST - Path: /api/v1/conversations/ 
24-November-2025 18:38:18 - User: movins806@gmail.com ==== HOST - Path: /api/v1/conversations/ 
24-November-2025 18:38:20 - User: AnonymousUser - Path: /api/v1/conversations/ 
29-November-2025 07:08:39 - User: AnonymousUser - Path: / 
29-November-2025 07:08:41 - User: AnonymousUser - Path: /favicon.ico 
29-November-2025 07:08:50 - User: AnonymousUser - Path: /api/v1/conversations/ 
29-November-2025 07:10:10 - User: AnonymousUser - Path: /api/v1/conversations/ 
29-November-2025 07:10:33 - User: AnonymousUser - Path: /api/v1/conversations/ 
29-November-2025 07:11:09 - User: AnonymousUser - Path: /api/v1/ 
29-November-2025 07:11:30 - User: AnonymousUser - Path: /api/v1/ 
29-November-2025 07:11:38 - User: AnonymousUser - Path: /__debug__/render_panel/ 
29-November-2025 07:11:54 - User: AnonymousUser - Path: /api/v1/conversations/ 
29-November-2025 07:14:03 - User: AnonymousUser - Path: /api/v1/conversations/ 
29-November-2025 07:15:06 - User: AnonymousUser - Path: /api/v1/conversations/ 
29-November-2025 07:15:43 - User: AnonymousUser - Path: /api/v1/conversations/ 
29-November-2025 07:23:27 - User: AnonymousUser - Path: /api/v1/conversations/ 
29-November-2025 07:24:02 - User: AnonymousUser - Path: /api/v1/conversations/ 
