24-November-2025 07:50:42 - User: AnonymousUser - Path: / 
24-November-2025 07:50:47 - User: AnonymousUser - Path: /api/v1/conversation/ 
24-November-2025 07:50:54 - User: AnonymousUser - Path: /api/v1/token/obtain/ 
24-November-2025 07:51:08 - User: AnonymousUser - Path: /api/v1/register/ 
24-November-2025 07:51:10 - User: AnonymousUser - Path: /api/v1/register/ 
24-November-2025 08:08:32 - User: AnonymousUser - Path: /api/v1/register/ 
24-November-2025 08:08:51 - User: AnonymousUser - Path: /api/v1/token/obtain/ 
24-November-2025 08:09:18 - User: AnonymousUser - Path: /api/v1/token/obtain/ 
24-November-2025 08:09:23 - User: AnonymousUser - Path: /api/v1/token/obtain/ 
24-November-2025 08:11:32 - User: AnonymousUser - Path: /api/v1/token/obtain/ 
24-November-2025 08:11:36 - User: AnonymousUser - Path: /api/v1/token/obtain/ 
24-November-2025 08:12:27 - User: AnonymousUser - Path: /api/v1/token/obtain/ 
24-November-2025 08:13:33 - User: AnonymousUser - Path: /api/v1/token/obtain/ 
24-November-2025 08:23:23 - User: AnonymousUser - Path: /api/v1/token/obtain/ 
24-November-2025 08:24:30 - User: AnonymousUser - Path: /api/v1/token/obtain/ 
24-November-2025 08:24:59 - User: AnonymousUser - Path: /api/v1/token/obtain/ 
24-November-2025 08:25:01 - User: AnonymousUser - Path: /api/v1/token/obtain/ 
24-November-2025 08:25:48 - User: AnonymousUser - Path: /api/v1/token/obtain/ 
24-November-2025 08:26:45 - User: AnonymousUser - Path: /api/v1/token/obtain/ 
24-November-2025 08:28:01 - User: AnonymousUser - Path: /api/v1/token/obtain/ 
24-November-2025 08:28:41 - User: AnonymousUser - Path: /api/v1/token/obtain/ 
24-November-2025 08:30:30 - User: AnonymousUser - Path: /api/v1/token/obtain/ 
24-November-2025 08:30:47 - User: AnonymousUser - Path: /api/v1/token/obtain/ 
24-November-2025 08:33:51 - User: AnonymousUser - Path: /api/v1/token/obtain/ 
24-November-2025 08:34:08 - User: AnonymousUser - Path: /api/v1/token/obtain/ 
24-November-2025 08:35:51 - User: AnonymousUser - Path: /api/v1/messages/ 
24-November-2025 08:36:11 - User: AnonymousUser - Path: /api/v1/conversation/ 
24-November-2025 08:36:11 - User: AnonymousUser - Path: /api/v1/conversations/ 
24-November-2025 08:36:12 - User: AnonymousUser - Path: /api/v1/conversations/ 
24-November-2025 08:36:48 - User: AnonymousUser - Path: /api/v1/conversations/ 
24-November-2025 08:36:53 - User: AnonymousUser - Path: /api/v1/conversations/ 
24-November-2025 08:37:17 - User: AnonymousUser - Path: /api/v1/conversations/ 
24-November-2025 08:37:33 - User: AnonymousUser - Path: /api/v1/messages/ 
24-November-2025 08:37:40 - User: AnonymousUser - Path: /api/v1/conversation/ 
24-November-2025 08:37:40 - User: AnonymousUser - Path: /api/v1/conversations/ 
24-November-2025 08:37:54 - User: AnonymousUser - Path: /docs/ 
24-November-2025 08:37:56 - User: AnonymousUser - Path: /docs/ 
24-November-2025 08:37:58 - User: AnonymousUser - Path: /__debug__/history_sidebar/ 
24-November-2025 08:38:09 - User: AnonymousUser - Path: /api/v1/conversations/messages 
24-November-2025 08:38:09 - User: AnonymousUser - Path: /api/v1/conversations/messages/ 
